0 info it worked if it ends with ok
1 verbose cli [ '/home/thomas/.nvm/versions/node/v4.2.4/bin/node',
1 verbose cli   '/home/thomas/.nvm/versions/node/v4.2.4/bin/npm',
1 verbose cli   'run',
1 verbose cli   'dev' ]
2 info using npm@3.5.3
3 info using node@v4.2.4
4 verbose run-script [ 'predev', 'dev', 'postdev' ]
5 info lifecycle thomster-node@1.0.0~predev: thomster-node@1.0.0
6 silly lifecycle thomster-node@1.0.0~predev: no script for predev, continuing
7 info lifecycle thomster-node@1.0.0~dev: thomster-node@1.0.0
8 verbose lifecycle thomster-node@1.0.0~dev: unsafe-perm in lifecycle true
9 verbose lifecycle thomster-node@1.0.0~dev: PATH: /home/thomas/.nvm/versions/node/v4.2.4/lib/node_modules/npm/bin/node-gyp-bin:/home/thomas/workspace/perso/thomster-node/node_modules/.bin:/home/thomas/.rvm/gems/ruby-2.2.1/bin:/home/thomas/.rvm/gems/ruby-2.2.1@global/bin:/home/thomas/.rvm/rubies/ruby-2.2.1/bin:/home/thomas/.nvm/versions/node/v4.2.4/bin:/usr/local/sbin:/usr/local/bin:/usr/sbin:/usr/bin:/sbin:/bin:/usr/games:/usr/local/games:/usr/lib/jvm/java-8-oracle/bin:/usr/lib/jvm/java-8-oracle/db/bin:/usr/lib/jvm/java-8-oracle/jre/bin:/home/thomas/.rvm/bin:/home/thomas/.rvm/bin
10 verbose lifecycle thomster-node@1.0.0~dev: CWD: /home/thomas/workspace/perso/thomster-node
11 silly lifecycle thomster-node@1.0.0~dev: Args: [ '-c', 'nodemon lib/index.js --exec babel-node' ]
12 silly lifecycle thomster-node@1.0.0~dev: Returned: code: 1  signal: null
13 info lifecycle thomster-node@1.0.0~dev: Failed to exec dev script
14 verbose stack Error: thomster-node@1.0.0 dev: `nodemon lib/index.js --exec babel-node`
14 verbose stack Exit status 1
14 verbose stack     at EventEmitter.<anonymous> (/home/thomas/.nvm/versions/node/v4.2.4/lib/node_modules/npm/lib/utils/lifecycle.js:232:16)
14 verbose stack     at emitTwo (events.js:87:13)
14 verbose stack     at EventEmitter.emit (events.js:172:7)
14 verbose stack     at ChildProcess.<anonymous> (/home/thomas/.nvm/versions/node/v4.2.4/lib/node_modules/npm/lib/utils/spawn.js:24:14)
14 verbose stack     at emitTwo (events.js:87:13)
14 verbose stack     at ChildProcess.emit (events.js:172:7)
14 verbose stack     at maybeClose (internal/child_process.js:818:16)
14 verbose stack     at Process.ChildProcess._handle.onexit (internal/child_process.js:211:5)
15 verbose pkgid thomster-node@1.0.0
16 verbose cwd /home/thomas/workspace/perso/thomster-node
17 error Linux 3.17.6-031706-generic
18 error argv "/home/thomas/.nvm/versions/node/v4.2.4/bin/node" "/home/thomas/.nvm/versions/node/v4.2.4/bin/npm" "run" "dev"
19 error node v4.2.4
20 error npm  v3.5.3
21 error code ELIFECYCLE
22 error thomster-node@1.0.0 dev: `nodemon lib/index.js --exec babel-node`
22 error Exit status 1
23 error Failed at the thomster-node@1.0.0 dev script 'nodemon lib/index.js --exec babel-node'.
23 error Make sure you have the latest version of node.js and npm installed.
23 error If you do, this is most likely a problem with the thomster-node package,
23 error not with npm itself.
23 error Tell the author that this fails on your system:
23 error     nodemon lib/index.js --exec babel-node
23 error You can get information on how to open an issue for this project with:
23 error     npm bugs thomster-node
23 error Or if that isn't available, you can get their info via:
23 error     npm owner ls thomster-node
23 error There is likely additional logging output above.
24 verbose exit [ 1, true ]
